<?xml version="1.0" encoding="UTF-8" ?>
<testsuites>
  <testsuite failures="0" hostname="ibm-saurabhkumar" id="0" name="case11953/tests" package="" skipped="0" tests="1" time="33.178" timestamp="Wed Mar 02 17:32:22 IST 2022">
	    <properties>
		      <property name="excludeCallableTestCases" value="false" />

		      <property name="testEnvironment" value="" />

		      <property name="pluginOutputLevel" value="WARNING" />

		      <property name="projectPath" value=".." />

		      <property name="salesforceMetadataCache" value="Reuse" />

		      <property name="resultsPathDisposition" value="Increment" />

		      <property name="testOutputLevel" value="INFO" />

		      <property name="webBrowserType" value="Chrome" />

		      <property name="resultsPath" value="../ANT/Results" />

		      <property name="webBrowserConfiguration" value="Full Screen" />

		      <property name="projectCachePath" value="C:\Users\saurabh.kumar\Provar\case11953\case11953\ANT\..\..\.provarCaches" />

	    </properties>

	    <testcase classname="tests/AmazonChalao.testcase" name="AmazonChalao.testcase" time="31.963">
	</testcase>

  </testsuite>
</testsuites>
